<?xml version="1.0" encoding="UTF-8"?>
<!-- Generated by org.testng.reporters.JUnitReportReporter -->
<testsuite hostname="DESKTOP-VRE7QCS" failures="0" tests="1" name="test.ZerodhaHomePageTest" time="11.510" errors="0" timestamp="2022-07-07T11:59:17 IST" skipped="0">
  <testcase classname="test.ZerodhaHomePageTest" name="homePageTest1" time="11.510"/>
  <system-out/>
</testsuite> <!-- test.ZerodhaHomePageTest -->
