<?xml version="1.0" encoding="UTF-8"?>
<!-- Generated by org.testng.reporters.JUnitReportReporter -->
<testsuite hostname="DESKTOP-VRE7QCS" failures="0" tests="1" name="test.ZerodhaSignUpPageTest" time="10.085" errors="0" timestamp="2022-06-23T19:48:43 IST" skipped="0">
  <testcase classname="test.ZerodhaSignUpPageTest" name="signUpPage" time="10.085"/>
  <system-out/>
</testsuite> <!-- test.ZerodhaSignUpPageTest -->
